# JRE version: OpenJDK Runtime Environment (8.0_152-b01) (build 1.8.0_152-release-915-b01)
# Java VM: OpenJDK 64-Bit Server VM (25.152-b01 mixed mode windows-amd64 compressed oops)
Heap:
 PSYoungGen      total 349696K, used 214941K [0x00000000e0000000, 0x0000000100000000, 0x0000000100000000)
  eden space 175104K, 37% used [0x00000000e0000000,0x00000000e3fbc7b8,0x00000000eab00000)
  from space 174592K, 85% used [0x00000000f5580000,0x00000000fe7aad70,0x0000000100000000)
  to   space 174592K, 0% used [0x00000000eab00000,0x00000000eab00000,0x00000000f5580000)
 ParOldGen       total 766464K, used 234812K [0x00000000a0000000, 0x00000000cec80000, 0x00000000e0000000)
  object space 766464K, 30% used [0x00000000a0000000,0x00000000ae54f3b8,0x00000000cec80000)
 Metaspace       used 113089K, capacity 119598K, committed 119936K, reserved 1155072K
  class space    used 13706K, capacity 15121K, committed 15232K, reserved 1048576K
GC Heap History (10 events):
Event: 5069.076 GC heap before
{Heap before GC invocations=172 (full 28):
 PSYoungGen      total 359424K, used 219952K [0x00000000e0000000, 0x00000000ffd80000, 0x0000000100000000)
  eden space 203264K, 100% used [0x00000000e0000000,0x00000000ec680000,0x00000000ec680000)
  from space 156160K, 10% used [0x00000000ec680000,0x00000000ed6cc288,0x00000000f5f00000)
  to   space 156672K, 0% used [0x00000000f6480000,0x00000000f6480000,0x00000000ffd80000)
 ParOldGen       total 766464K, used 230009K [0x00000000a0000000, 0x00000000cec80000, 0x00000000e0000000)
  object space 766464K, 30% used [0x00000000a0000000,0x00000000ae09e4d0,0x00000000cec80000)
 Metaspace       used 113089K, capacity 119598K, committed 119936K, reserved 1155072K
  class space    used 13706K, capacity 15121K, committed 15232K, reserved 1048576K
Event: 5069.126 GC heap after
Heap after GC invocations=172 (full 28):
 PSYoungGen      total 360960K, used 85542K [0x00000000e0000000, 0x00000000ffa00000, 0x0000000100000000)
  eden space 207872K, 0% used [0x00000000e0000000,0x00000000e0000000,0x00000000ecb00000)
  from space 153088K, 55% used [0x00000000f6480000,0x00000000fb809b90,0x00000000ffa00000)
  to   space 155136K, 0% used [0x00000000ecb00000,0x00000000ecb00000,0x00000000f6280000)
 ParOldGen       total 766464K, used 234244K [0x00000000a0000000, 0x00000000cec80000, 0x00000000e0000000)
  object space 766464K, 30% used [0x00000000a0000000,0x00000000ae4c13b8,0x00000000cec80000)
 Metaspace       used 113089K, capacity 119598K, committed 119936K, reserved 1155072K
  class space    used 13706K, capacity 15121K, committed 15232K, reserved 1048576K
}
Event: 5069.586 GC heap before
{Heap before GC invocations=173 (full 28):
 PSYoungGen      total 360960K, used 293414K [0x00000000e0000000, 0x00000000ffa00000, 0x0000000100000000)
  eden space 207872K, 100% used [0x00000000e0000000,0x00000000ecb00000,0x00000000ecb00000)
  from space 153088K, 55% used [0x00000000f6480000,0x00000000fb809b90,0x00000000ffa00000)
  to   space 155136K, 0% used [0x00000000ecb00000,0x00000000ecb00000,0x00000000f6280000)
 ParOldGen       total 766464K, used 234244K [0x00000000a0000000, 0x00000000cec80000, 0x00000000e0000000)
  object space 766464K, 30% used [0x00000000a0000000,0x00000000ae4c13b8,0x00000000cec80000)
 Metaspace       used 113089K, capacity 119598K, committed 119936K, reserved 1155072K
  class space    used 13706K, capacity 15121K, committed 15232K, reserved 1048576K
Event: 5069.657 GC heap after
Heap after GC invocations=173 (full 28):
 PSYoungGen      total 338944K, used 130772K [0x00000000e0000000, 0x0000000100000000, 0x0000000100000000)
  eden space 207872K, 0% used [0x00000000e0000000,0x00000000e0000000,0x00000000ecb00000)
  from space 131072K, 99% used [0x00000000ecb00000,0x00000000f4ab5090,0x00000000f4b00000)
  to   space 170496K, 0% used [0x00000000f5980000,0x00000000f5980000,0x0000000100000000)
 ParOldGen       total 766464K, used 234716K [0x00000000a0000000, 0x00000000cec80000, 0x00000000e0000000)
  object space 766464K, 30% used [0x00000000a0000000,0x00000000ae5373b8,0x00000000cec80000)
 Metaspace       used 113089K, capacity 119598K, committed 119936K, reserved 1155072K
  class space    used 13706K, capacity 15121K, committed 15232K, reserved 1048576K
}
Event: 5069.913 GC heap before
{Heap before GC invocations=174 (full 28):
 PSYoungGen      total 338944K, used 338644K [0x00000000e0000000, 0x0000000100000000, 0x0000000100000000)
  eden space 207872K, 100% used [0x00000000e0000000,0x00000000ecb00000,0x00000000ecb00000)
  from space 131072K, 99% used [0x00000000ecb00000,0x00000000f4ab5090,0x00000000f4b00000)
  to   space 170496K, 0% used [0x00000000f5980000,0x00000000f5980000,0x0000000100000000)
 ParOldGen       total 766464K, used 234716K [0x00000000a0000000, 0x00000000cec80000, 0x00000000e0000000)
  object space 766464K, 30% used [0x00000000a0000000,0x00000000ae5373b8,0x00000000cec80000)
 Metaspace       used 113089K, capacity 119598K, committed 119936K, reserved 1155072K
  class space    used 13706K, capacity 15121K, committed 15232K, reserved 1048576K
Event: 5069.998 GC heap after
Heap after GC invocations=174 (full 28):
 PSYoungGen      total 345600K, used 141333K [0x00000000e0000000, 0x0000000100000000, 0x0000000100000000)
  eden space 175104K, 0% used [0x00000000e0000000,0x00000000e0000000,0x00000000eab00000)
  from space 170496K, 82% used [0x00000000f5980000,0x00000000fe385480,0x0000000100000000)
  to   space 174592K, 0% used [0x00000000eab00000,0x00000000eab00000,0x00000000f5580000)
 ParOldGen       total 766464K, used 234748K [0x00000000a0000000, 0x00000000cec80000, 0x00000000e0000000)
  object space 766464K, 30% used [0x00000000a0000000,0x00000000ae53f3b8,0x00000000cec80000)
 Metaspace       used 113089K, capacity 119598K, committed 119936K, reserved 1155072K
  class space    used 13706K, capacity 15121K, committed 15232K, reserved 1048576K
}
Event: 5070.275 GC heap before
{Heap before GC invocations=175 (full 28):
 PSYoungGen      total 345600K, used 316437K [0x00000000e0000000, 0x0000000100000000, 0x0000000100000000)
  eden space 175104K, 100% used [0x00000000e0000000,0x00000000eab00000,0x00000000eab00000)
  from space 170496K, 82% used [0x00000000f5980000,0x00000000fe385480,0x0000000100000000)
  to   space 174592K, 0% used [0x00000000eab00000,0x00000000eab00000,0x00000000f5580000)
 ParOldGen       total 766464K, used 234748K [0x00000000a0000000, 0x00000000cec80000, 0x00000000e0000000)
  object space 766464K, 30% used [0x00000000a0000000,0x00000000ae53f3b8,0x00000000cec80000)
 Metaspace       used 113089K, capacity 119598K, committed 119936K, reserved 1155072K
  class space    used 13706K, capacity 15121K, committed 15232K, reserved 1048576K
Event: 5070.356 GC heap after
Heap after GC invocations=175 (full 28):
 PSYoungGen      total 349696K, used 149582K [0x00000000e0000000, 0x0000000100000000, 0x0000000100000000)
  eden space 175104K, 0% used [0x00000000e0000000,0x00000000e0000000,0x00000000eab00000)
  from space 174592K, 85% used [0x00000000eab00000,0x00000000f3d138a8,0x00000000f5580000)
  to   space 174592K, 0% used [0x00000000f5580000,0x00000000f5580000,0x0000000100000000)
 ParOldGen       total 766464K, used 234780K [0x00000000a0000000, 0x00000000cec80000, 0x00000000e0000000)
  object space 766464K, 30% used [0x00000000a0000000,0x00000000ae5473b8,0x00000000cec80000)
 Metaspace       used 113089K, capacity 119598K, committed 119936K, reserved 1155072K
  class space    used 13706K, capacity 15121K, committed 15232K, reserved 1048576K
}
Event: 5071.145 GC heap before
{Heap before GC invocations=176 (full 28):
 PSYoungGen      total 349696K, used 324686K [0x00000000e0000000, 0x0000000100000000, 0x0000000100000000)
  eden space 175104K, 100% used [0x00000000e0000000,0x00000000eab00000,0x00000000eab00000)
  from space 174592K, 85% used [0x00000000eab00000,0x00000000f3d138a8,0x00000000f5580000)
  to   space 174592K, 0% used [0x00000000f5580000,0x00000000f5580000,0x0000000100000000)
 ParOldGen       total 766464K, used 234780K [0x00000000a0000000, 0x00000000cec80000, 0x00000000e0000000)
  object space 766464K, 30% used [0x00000000a0000000,0x00000000ae5473b8,0x00000000cec80000)
 Metaspace       used 113089K, capacity 119598K, committed 119936K, reserved 1155072K
  class space    used 13706K, capacity 15121K, committed 15232K, reserved 1048576K
Event: 5071.221 GC heap after
Heap after GC invocations=176 (full 28):
 PSYoungGen      total 349696K, used 149675K [0x00000000e0000000, 0x0000000100000000, 0x0000000100000000)
  eden space 175104K, 0% used [0x00000000e0000000,0x00000000e0000000,0x00000000eab00000)
  from space 174592K, 85% used [0x00000000f5580000,0x00000000fe7aad70,0x0000000100000000)
  to   space 174592K, 0% used [0x00000000eab00000,0x00000000eab00000,0x00000000f5580000)
 ParOldGen       total 766464K, used 234812K [0x00000000a0000000, 0x00000000cec80000, 0x00000000e0000000)
  object space 766464K, 30% used [0x00000000a0000000,0x00000000ae54f3b8,0x00000000cec80000)
 Metaspace       used 113089K, capacity 119598K, committed 119936K, reserved 1155072K
  class space    used 13706K, capacity 15121K, committed 15232K, reserved 1048576K
}

