# JRE version: OpenJDK Runtime Environment (8.0_152-b01) (build 1.8.0_152-release-915-b01)
# Java VM: OpenJDK 64-Bit Server VM (25.152-b01 mixed mode windows-amd64 compressed oops)
Heap:
 PSYoungGen      total 301568K, used 93968K [0x00000000e0000000, 0x00000000f4b80000, 0x0000000100000000)
  eden space 276992K, 25% used [0x00000000e0000000,0x00000000e463f878,0x00000000f0e80000)
  from space 24576K, 89% used [0x00000000f3380000,0x00000000f4904978,0x00000000f4b80000)
  to   space 31232K, 0% used [0x00000000f0e80000,0x00000000f0e80000,0x00000000f2d00000)
 ParOldGen       total 159232K, used 47398K [0x00000000a0000000, 0x00000000a9b80000, 0x00000000e0000000)
  object space 159232K, 29% used [0x00000000a0000000,0x00000000a2e49b00,0x00000000a9b80000)
 Metaspace       used 70049K, capacity 73628K, committed 73816K, reserved 1112064K
  class space    used 9369K, capacity 10247K, committed 10368K, reserved 1048576K
GC Heap History (10 events):
Event: 24.853 GC heap before
{Heap before GC invocations=9 (full 2):
 PSYoungGen      total 188416K, used 174592K [0x00000000e0000000, 0x00000000ee300000, 0x0000000100000000)
  eden space 174592K, 100% used [0x00000000e0000000,0x00000000eaa80000,0x00000000eaa80000)
  from space 13824K, 0% used [0x00000000eb700000,0x00000000eb700000,0x00000000ec480000)
  to   space 12800K, 0% used [0x00000000eaa80000,0x00000000eaa80000,0x00000000eb700000)
 ParOldGen       total 96768K, used 16134K [0x00000000a0000000, 0x00000000a5e80000, 0x00000000e0000000)
  object space 96768K, 16% used [0x00000000a0000000,0x00000000a0fc1840,0x00000000a5e80000)
 Metaspace       used 46912K, capacity 48128K, committed 48472K, reserved 1091584K
  class space    used 6290K, capacity 6676K, committed 6784K, reserved 1048576K
Event: 24.882 GC heap after
Heap after GC invocations=9 (full 2):
 PSYoungGen      total 187392K, used 12791K [0x00000000e0000000, 0x00000000f0b00000, 0x0000000100000000)
  eden space 174592K, 0% used [0x00000000e0000000,0x00000000e0000000,0x00000000eaa80000)
  from space 12800K, 99% used [0x00000000eaa80000,0x00000000eb6fdf08,0x00000000eb700000)
  to   space 16896K, 0% used [0x00000000efa80000,0x00000000efa80000,0x00000000f0b00000)
 ParOldGen       total 96768K, used 19966K [0x00000000a0000000, 0x00000000a5e80000, 0x00000000e0000000)
  object space 96768K, 20% used [0x00000000a0000000,0x00000000a137f9c8,0x00000000a5e80000)
 Metaspace       used 46912K, capacity 48128K, committed 48472K, reserved 1091584K
  class space    used 6290K, capacity 6676K, committed 6784K, reserved 1048576K
}
Event: 29.021 GC heap before
{Heap before GC invocations=10 (full 2):
 PSYoungGen      total 187392K, used 187383K [0x00000000e0000000, 0x00000000f0b00000, 0x0000000100000000)
  eden space 174592K, 100% used [0x00000000e0000000,0x00000000eaa80000,0x00000000eaa80000)
  from space 12800K, 99% used [0x00000000eaa80000,0x00000000eb6fdf08,0x00000000eb700000)
  to   space 16896K, 0% used [0x00000000efa80000,0x00000000efa80000,0x00000000f0b00000)
 ParOldGen       total 96768K, used 19966K [0x00000000a0000000, 0x00000000a5e80000, 0x00000000e0000000)
  object space 96768K, 20% used [0x00000000a0000000,0x00000000a137f9c8,0x00000000a5e80000)
 Metaspace       used 54408K, capacity 56372K, committed 56664K, reserved 1097728K
  class space    used 7432K, capacity 7947K, committed 8064K, reserved 1048576K
Event: 29.068 GC heap after
Heap after GC invocations=10 (full 2):
 PSYoungGen      total 250368K, used 16886K [0x00000000e0000000, 0x00000000f1a00000, 0x0000000100000000)
  eden space 233472K, 0% used [0x00000000e0000000,0x00000000e0000000,0x00000000ee400000)
  from space 16896K, 99% used [0x00000000efa80000,0x00000000f0afdbb8,0x00000000f0b00000)
  to   space 23040K, 0% used [0x00000000ee400000,0x00000000ee400000,0x00000000efa80000)
 ParOldGen       total 96768K, used 29378K [0x00000000a0000000, 0x00000000a5e80000, 0x00000000e0000000)
  object space 96768K, 30% used [0x00000000a0000000,0x00000000a1cb0868,0x00000000a5e80000)
 Metaspace       used 54408K, capacity 56372K, committed 56664K, reserved 1097728K
  class space    used 7432K, capacity 7947K, committed 8064K, reserved 1048576K
}
Event: 35.428 GC heap before
{Heap before GC invocations=11 (full 2):
 PSYoungGen      total 250368K, used 161381K [0x00000000e0000000, 0x00000000f1a00000, 0x0000000100000000)
  eden space 233472K, 61% used [0x00000000e0000000,0x00000000e8d1b8c0,0x00000000ee400000)
  from space 16896K, 99% used [0x00000000efa80000,0x00000000f0afdbb8,0x00000000f0b00000)
  to   space 23040K, 0% used [0x00000000ee400000,0x00000000ee400000,0x00000000efa80000)
 ParOldGen       total 96768K, used 29378K [0x00000000a0000000, 0x00000000a5e80000, 0x00000000e0000000)
  object space 96768K, 30% used [0x00000000a0000000,0x00000000a1cb0868,0x00000000a5e80000)
 Metaspace       used 56601K, capacity 59002K, committed 59028K, reserved 1099776K
  class space    used 7708K, capacity 8297K, committed 8320K, reserved 1048576K
Event: 35.468 GC heap after
Heap after GC invocations=11 (full 2):
 PSYoungGen      total 256512K, used 23027K [0x00000000e0000000, 0x00000000f5080000, 0x0000000100000000)
  eden space 233472K, 0% used [0x00000000e0000000,0x00000000e0000000,0x00000000ee400000)
  from space 23040K, 99% used [0x00000000ee400000,0x00000000efa7cc08,0x00000000efa80000)
  to   space 29696K, 0% used [0x00000000f3380000,0x00000000f3380000,0x00000000f5080000)
 ParOldGen       total 96768K, used 36263K [0x00000000a0000000, 0x00000000a5e80000, 0x00000000e0000000)
  object space 96768K, 37% used [0x00000000a0000000,0x00000000a2369f58,0x00000000a5e80000)
 Metaspace       used 56601K, capacity 59002K, committed 59028K, reserved 1099776K
  class space    used 7708K, capacity 8297K, committed 8320K, reserved 1048576K
}
Event: 35.468 GC heap before
{Heap before GC invocations=12 (full 3):
 PSYoungGen      total 256512K, used 23027K [0x00000000e0000000, 0x00000000f5080000, 0x0000000100000000)
  eden space 233472K, 0% used [0x00000000e0000000,0x00000000e0000000,0x00000000ee400000)
  from space 23040K, 99% used [0x00000000ee400000,0x00000000efa7cc08,0x00000000efa80000)
  to   space 29696K, 0% used [0x00000000f3380000,0x00000000f3380000,0x00000000f5080000)
 ParOldGen       total 96768K, used 36263K [0x00000000a0000000, 0x00000000a5e80000, 0x00000000e0000000)
  object space 96768K, 37% used [0x00000000a0000000,0x00000000a2369f58,0x00000000a5e80000)
 Metaspace       used 56601K, capacity 59002K, committed 59028K, reserved 1099776K
  class space    used 7708K, capacity 8297K, committed 8320K, reserved 1048576K
Event: 35.732 GC heap after
Heap after GC invocations=12 (full 3):
 PSYoungGen      total 256512K, used 0K [0x00000000e0000000, 0x00000000f5080000, 0x0000000100000000)
  eden space 233472K, 0% used [0x00000000e0000000,0x00000000e0000000,0x00000000ee400000)
  from space 23040K, 0% used [0x00000000ee400000,0x00000000ee400000,0x00000000efa80000)
  to   space 29696K, 0% used [0x00000000f3380000,0x00000000f3380000,0x00000000f5080000)
 ParOldGen       total 159232K, used 47390K [0x00000000a0000000, 0x00000000a9b80000, 0x00000000e0000000)
  object space 159232K, 29% used [0x00000000a0000000,0x00000000a2e47b00,0x00000000a9b80000)
 Metaspace       used 56601K, capacity 59002K, committed 59028K, reserved 1099776K
  class space    used 7708K, capacity 8297K, committed 8320K, reserved 1048576K
}
Event: 54.930 GC heap before
{Heap before GC invocations=13 (full 3):
 PSYoungGen      total 256512K, used 233472K [0x00000000e0000000, 0x00000000f5080000, 0x0000000100000000)
  eden space 233472K, 100% used [0x00000000e0000000,0x00000000ee400000,0x00000000ee400000)
  from space 23040K, 0% used [0x00000000ee400000,0x00000000ee400000,0x00000000efa80000)
  to   space 29696K, 0% used [0x00000000f3380000,0x00000000f3380000,0x00000000f5080000)
 ParOldGen       total 159232K, used 47390K [0x00000000a0000000, 0x00000000a9b80000, 0x00000000e0000000)
  object space 159232K, 29% used [0x00000000a0000000,0x00000000a2e47b00,0x00000000a9b80000)
 Metaspace       used 66977K, capacity 69968K, committed 70104K, reserved 1110016K
  class space    used 8925K, capacity 9727K, committed 9728K, reserved 1048576K
Event: 54.950 GC heap after
Heap after GC invocations=13 (full 3):
 PSYoungGen      total 301568K, used 22034K [0x00000000e0000000, 0x00000000f4b80000, 0x0000000100000000)
  eden space 276992K, 0% used [0x00000000e0000000,0x00000000e0000000,0x00000000f0e80000)
  from space 24576K, 89% used [0x00000000f3380000,0x00000000f4904978,0x00000000f4b80000)
  to   space 31232K, 0% used [0x00000000f0e80000,0x00000000f0e80000,0x00000000f2d00000)
 ParOldGen       total 159232K, used 47398K [0x00000000a0000000, 0x00000000a9b80000, 0x00000000e0000000)
  object space 159232K, 29% used [0x00000000a0000000,0x00000000a2e49b00,0x00000000a9b80000)
 Metaspace       used 66977K, capacity 69968K, committed 70104K, reserved 1110016K
  class space    used 8925K, capacity 9727K, committed 9728K, reserved 1048576K
}

