# JRE version: OpenJDK Runtime Environment (8.0_152-b01) (build 1.8.0_152-release-915-b01)
# Java VM: OpenJDK 64-Bit Server VM (25.152-b01 mixed mode windows-amd64 compressed oops)
Heap:
 PSYoungGen      total 440320K, used 194611K [0x00000000e0000000, 0x0000000100000000, 0x0000000100000000)
  eden space 356352K, 31% used [0x00000000e0000000,0x00000000e6c107d8,0x00000000f5c00000)
  from space 83968K, 99% used [0x00000000f5c00000,0x00000000fadfc468,0x00000000fae00000)
  to   space 83968K, 0% used [0x00000000fae00000,0x00000000fae00000,0x0000000100000000)
 ParOldGen       total 248832K, used 161182K [0x00000000a0000000, 0x00000000af300000, 0x00000000e0000000)
  object space 248832K, 64% used [0x00000000a0000000,0x00000000a9d67850,0x00000000af300000)
 Metaspace       used 84015K, capacity 91120K, committed 91352K, reserved 1128448K
  class space    used 10548K, capacity 12131K, committed 12288K, reserved 1048576K
GC Heap History (10 events):
Event: 12077.995 GC heap before
{Heap before GC invocations=54 (full 5):
 PSYoungGen      total 470528K, used 449296K [0x00000000e0000000, 0x00000000ffd00000, 0x0000000100000000)
  eden space 421888K, 100% used [0x00000000e0000000,0x00000000f9c00000,0x00000000f9c00000)
  from space 48640K, 56% used [0x00000000fcb00000,0x00000000fe5c4238,0x00000000ffa80000)
  to   space 48128K, 0% used [0x00000000f9c00000,0x00000000f9c00000,0x00000000fcb00000)
 ParOldGen       total 248832K, used 92554K [0x00000000a0000000, 0x00000000af300000, 0x00000000e0000000)
  object space 248832K, 37% used [0x00000000a0000000,0x00000000a5a62af0,0x00000000af300000)
 Metaspace       used 83454K, capacity 90180K, committed 90456K, reserved 1128448K
  class space    used 10474K, capacity 11989K, committed 12160K, reserved 1048576K
Event: 12078.007 GC heap after
Heap after GC invocations=54 (full 5):
 PSYoungGen      total 470016K, used 9775K [0x00000000e0000000, 0x00000000ffe80000, 0x0000000100000000)
  eden space 421888K, 0% used [0x00000000e0000000,0x00000000e0000000,0x00000000f9c00000)
  from space 48128K, 20% used [0x00000000f9c00000,0x00000000fa58be78,0x00000000fcb00000)
  to   space 47616K, 0% used [0x00000000fd000000,0x00000000fd000000,0x00000000ffe80000)
 ParOldGen       total 248832K, used 92714K [0x00000000a0000000, 0x00000000af300000, 0x00000000e0000000)
  object space 248832K, 37% used [0x00000000a0000000,0x00000000a5a8a928,0x00000000af300000)
 Metaspace       used 83454K, capacity 90180K, committed 90456K, reserved 1128448K
  class space    used 10474K, capacity 11989K, committed 12160K, reserved 1048576K
}
Event: 12083.627 GC heap before
{Heap before GC invocations=55 (full 5):
 PSYoungGen      total 470016K, used 431663K [0x00000000e0000000, 0x00000000ffe80000, 0x0000000100000000)
  eden space 421888K, 100% used [0x00000000e0000000,0x00000000f9c00000,0x00000000f9c00000)
  from space 48128K, 20% used [0x00000000f9c00000,0x00000000fa58be78,0x00000000fcb00000)
  to   space 47616K, 0% used [0x00000000fd000000,0x00000000fd000000,0x00000000ffe80000)
 ParOldGen       total 248832K, used 92714K [0x00000000a0000000, 0x00000000af300000, 0x00000000e0000000)
  object space 248832K, 37% used [0x00000000a0000000,0x00000000a5a8a928,0x00000000af300000)
 Metaspace       used 83487K, capacity 90180K, committed 90456K, reserved 1128448K
  class space    used 10475K, capacity 11989K, committed 12160K, reserved 1048576K
Event: 12083.695 GC heap after
Heap after GC invocations=55 (full 5):
 PSYoungGen      total 449024K, used 47612K [0x00000000e0000000, 0x0000000100000000, 0x0000000100000000)
  eden space 401408K, 0% used [0x00000000e0000000,0x00000000e0000000,0x00000000f8800000)
  from space 47616K, 99% used [0x00000000fd000000,0x00000000ffe7f218,0x00000000ffe80000)
  to   space 61440K, 0% used [0x00000000f8800000,0x00000000f8800000,0x00000000fc400000)
 ParOldGen       total 248832K, used 110895K [0x00000000a0000000, 0x00000000af300000, 0x00000000e0000000)
  object space 248832K, 44% used [0x00000000a0000000,0x00000000a6c4bd10,0x00000000af300000)
 Metaspace       used 83487K, capacity 90180K, committed 90456K, reserved 1128448K
  class space    used 10475K, capacity 11989K, committed 12160K, reserved 1048576K
}
Event: 12294.012 GC heap before
{Heap before GC invocations=56 (full 5):
 PSYoungGen      total 449024K, used 449020K [0x00000000e0000000, 0x0000000100000000, 0x0000000100000000)
  eden space 401408K, 100% used [0x00000000e0000000,0x00000000f8800000,0x00000000f8800000)
  from space 47616K, 99% used [0x00000000fd000000,0x00000000ffe7f218,0x00000000ffe80000)
  to   space 61440K, 0% used [0x00000000f8800000,0x00000000f8800000,0x00000000fc400000)
 ParOldGen       total 248832K, used 110895K [0x00000000a0000000, 0x00000000af300000, 0x00000000e0000000)
  object space 248832K, 44% used [0x00000000a0000000,0x00000000a6c4bd10,0x00000000af300000)
 Metaspace       used 83781K, capacity 90692K, committed 90968K, reserved 1128448K
  class space    used 10526K, capacity 12073K, committed 12160K, reserved 1048576K
Event: 12294.119 GC heap after
Heap after GC invocations=56 (full 5):
 PSYoungGen      total 462848K, used 61415K [0x00000000e0000000, 0x0000000100000000, 0x0000000100000000)
  eden space 401408K, 0% used [0x00000000e0000000,0x00000000e0000000,0x00000000f8800000)
  from space 61440K, 99% used [0x00000000f8800000,0x00000000fc3f9c98,0x00000000fc400000)
  to   space 61440K, 0% used [0x00000000fc400000,0x00000000fc400000,0x0000000100000000)
 ParOldGen       total 248832K, used 124567K [0x00000000a0000000, 0x00000000af300000, 0x00000000e0000000)
  object space 248832K, 50% used [0x00000000a0000000,0x00000000a79a5e30,0x00000000af300000)
 Metaspace       used 83781K, capacity 90692K, committed 90968K, reserved 1128448K
  class space    used 10526K, capacity 12073K, committed 12160K, reserved 1048576K
}
Event: 12302.181 GC heap before
{Heap before GC invocations=57 (full 5):
 PSYoungGen      total 462848K, used 462734K [0x00000000e0000000, 0x0000000100000000, 0x0000000100000000)
  eden space 401408K, 99% used [0x00000000e0000000,0x00000000f87e9b98,0x00000000f8800000)
  from space 61440K, 99% used [0x00000000f8800000,0x00000000fc3f9c98,0x00000000fc400000)
  to   space 61440K, 0% used [0x00000000fc400000,0x00000000fc400000,0x0000000100000000)
 ParOldGen       total 248832K, used 124567K [0x00000000a0000000, 0x00000000af300000, 0x00000000e0000000)
  object space 248832K, 50% used [0x00000000a0000000,0x00000000a79a5e30,0x00000000af300000)
 Metaspace       used 83872K, capacity 90808K, committed 90968K, reserved 1128448K
  class space    used 10530K, capacity 12081K, committed 12160K, reserved 1048576K
Event: 12302.231 GC heap after
Heap after GC invocations=57 (full 5):
 PSYoungGen      total 417792K, used 61418K [0x00000000e0000000, 0x0000000100000000, 0x0000000100000000)
  eden space 356352K, 0% used [0x00000000e0000000,0x00000000e0000000,0x00000000f5c00000)
  from space 61440K, 99% used [0x00000000fc400000,0x00000000ffffabf8,0x0000000100000000)
  to   space 83968K, 0% used [0x00000000f5c00000,0x00000000f5c00000,0x00000000fae00000)
 ParOldGen       total 248832K, used 127173K [0x00000000a0000000, 0x00000000af300000, 0x00000000e0000000)
  object space 248832K, 51% used [0x00000000a0000000,0x00000000a7c31420,0x00000000af300000)
 Metaspace       used 83872K, capacity 90808K, committed 90968K, reserved 1128448K
  class space    used 10530K, capacity 12081K, committed 12160K, reserved 1048576K
}
Event: 12549.987 GC heap before
{Heap before GC invocations=58 (full 5):
 PSYoungGen      total 417792K, used 412022K [0x00000000e0000000, 0x0000000100000000, 0x0000000100000000)
  eden space 356352K, 98% used [0x00000000e0000000,0x00000000f5662dc8,0x00000000f5c00000)
  from space 61440K, 99% used [0x00000000fc400000,0x00000000ffffabf8,0x0000000100000000)
  to   space 83968K, 0% used [0x00000000f5c00000,0x00000000f5c00000,0x00000000fae00000)
 ParOldGen       total 248832K, used 127173K [0x00000000a0000000, 0x00000000af300000, 0x00000000e0000000)
  object space 248832K, 51% used [0x00000000a0000000,0x00000000a7c31420,0x00000000af300000)
 Metaspace       used 84013K, capacity 91120K, committed 91352K, reserved 1128448K
  class space    used 10548K, capacity 12131K, committed 12288K, reserved 1048576K
Event: 12550.106 GC heap after
Heap after GC invocations=58 (full 5):
 PSYoungGen      total 440320K, used 83953K [0x00000000e0000000, 0x0000000100000000, 0x0000000100000000)
  eden space 356352K, 0% used [0x00000000e0000000,0x00000000e0000000,0x00000000f5c00000)
  from space 83968K, 99% used [0x00000000f5c00000,0x00000000fadfc468,0x00000000fae00000)
  to   space 83968K, 0% used [0x00000000fae00000,0x00000000fae00000,0x0000000100000000)
 ParOldGen       total 248832K, used 161182K [0x00000000a0000000, 0x00000000af300000, 0x00000000e0000000)
  object space 248832K, 64% used [0x00000000a0000000,0x00000000a9d67850,0x00000000af300000)
 Metaspace       used 84013K, capacity 91120K, committed 91352K, reserved 1128448K
  class space    used 10548K, capacity 12131K, committed 12288K, reserved 1048576K
}

