# JRE version: OpenJDK Runtime Environment (8.0_152-b01) (build 1.8.0_152-release-915-b01)
# Java VM: OpenJDK 64-Bit Server VM (25.152-b01 mixed mode windows-amd64 compressed oops)
Heap:
 PSYoungGen      total 87552K, used 63181K [0x00000000e0000000, 0x00000000e7780000, 0x0000000100000000)
  eden space 76288K, 82% used [0x00000000e0000000,0x00000000e3db3760,0x00000000e4a80000)
  from space 11264K, 0% used [0x00000000e4a80000,0x00000000e4a80000,0x00000000e5580000)
  to   space 12288K, 0% used [0x00000000e6b80000,0x00000000e6b80000,0x00000000e7780000)
 ParOldGen       total 98816K, used 16757K [0x00000000a0000000, 0x00000000a6080000, 0x00000000e0000000)
  object space 98816K, 16% used [0x00000000a0000000,0x00000000a105d4e0,0x00000000a6080000)
 Metaspace       used 39773K, capacity 40682K, committed 40920K, reserved 1085440K
  class space    used 5343K, capacity 5630K, committed 5632K, reserved 1048576K
GC Heap History (10 events):
Event: 4.647 GC heap before
{Heap before GC invocations=7 (full 1):
 PSYoungGen      total 38400K, used 36951K [0x00000000e0000000, 0x00000000e4580000, 0x0000000100000000)
  eden space 33280K, 100% used [0x00000000e0000000,0x00000000e2080000,0x00000000e2080000)
  from space 5120K, 71% used [0x00000000e2080000,0x00000000e2415f70,0x00000000e2580000)
  to   space 10752K, 0% used [0x00000000e3b00000,0x00000000e3b00000,0x00000000e4580000)
 ParOldGen       total 64512K, used 8957K [0x00000000a0000000, 0x00000000a3f00000, 0x00000000e0000000)
  object space 64512K, 13% used [0x00000000a0000000,0x00000000a08bf6d0,0x00000000a3f00000)
 Metaspace       used 26188K, capacity 26808K, committed 27136K, reserved 1073152K
  class space    used 3553K, capacity 3749K, committed 3840K, reserved 1048576K
Event: 4.655 GC heap after
Heap after GC invocations=7 (full 1):
 PSYoungGen      total 60928K, used 5414K [0x00000000e0000000, 0x00000000e4580000, 0x0000000100000000)
  eden space 50176K, 0% used [0x00000000e0000000,0x00000000e0000000,0x00000000e3100000)
  from space 10752K, 50% used [0x00000000e3b00000,0x00000000e4049970,0x00000000e4580000)
  to   space 10240K, 0% used [0x00000000e3100000,0x00000000e3100000,0x00000000e3b00000)
 ParOldGen       total 64512K, used 8957K [0x00000000a0000000, 0x00000000a3f00000, 0x00000000e0000000)
  object space 64512K, 13% used [0x00000000a0000000,0x00000000a08bf6d0,0x00000000a3f00000)
 Metaspace       used 26188K, capacity 26808K, committed 27136K, reserved 1073152K
  class space    used 3553K, capacity 3749K, committed 3840K, reserved 1048576K
}
Event: 5.394 GC heap before
{Heap before GC invocations=8 (full 1):
 PSYoungGen      total 60928K, used 55590K [0x00000000e0000000, 0x00000000e4580000, 0x0000000100000000)
  eden space 50176K, 100% used [0x00000000e0000000,0x00000000e3100000,0x00000000e3100000)
  from space 10752K, 50% used [0x00000000e3b00000,0x00000000e4049970,0x00000000e4580000)
  to   space 10240K, 0% used [0x00000000e3100000,0x00000000e3100000,0x00000000e3b00000)
 ParOldGen       total 64512K, used 8957K [0x00000000a0000000, 0x00000000a3f00000, 0x00000000e0000000)
  object space 64512K, 13% used [0x00000000a0000000,0x00000000a08bf6d0,0x00000000a3f00000)
 Metaspace       used 29251K, capacity 30012K, committed 30336K, reserved 1075200K
  class space    used 4118K, capacity 4391K, committed 4480K, reserved 1048576K
Event: 5.404 GC heap after
Heap after GC invocations=8 (full 1):
 PSYoungGen      total 60416K, used 8966K [0x00000000e0000000, 0x00000000e6180000, 0x0000000100000000)
  eden space 50176K, 0% used [0x00000000e0000000,0x00000000e0000000,0x00000000e3100000)
  from space 10240K, 87% used [0x00000000e3100000,0x00000000e39c1910,0x00000000e3b00000)
  to   space 11264K, 0% used [0x00000000e5680000,0x00000000e5680000,0x00000000e6180000)
 ParOldGen       total 64512K, used 8965K [0x00000000a0000000, 0x00000000a3f00000, 0x00000000e0000000)
  object space 64512K, 13% used [0x00000000a0000000,0x00000000a08c16d0,0x00000000a3f00000)
 Metaspace       used 29251K, capacity 30012K, committed 30336K, reserved 1075200K
  class space    used 4118K, capacity 4391K, committed 4480K, reserved 1048576K
}
Event: 6.638 GC heap before
{Heap before GC invocations=9 (full 1):
 PSYoungGen      total 60416K, used 59142K [0x00000000e0000000, 0x00000000e6180000, 0x0000000100000000)
  eden space 50176K, 100% used [0x00000000e0000000,0x00000000e3100000,0x00000000e3100000)
  from space 10240K, 87% used [0x00000000e3100000,0x00000000e39c1910,0x00000000e3b00000)
  to   space 11264K, 0% used [0x00000000e5680000,0x00000000e5680000,0x00000000e6180000)
 ParOldGen       total 64512K, used 8965K [0x00000000a0000000, 0x00000000a3f00000, 0x00000000e0000000)
  object space 64512K, 13% used [0x00000000a0000000,0x00000000a08c16d0,0x00000000a3f00000)
 Metaspace       used 31470K, capacity 32252K, committed 32512K, reserved 1077248K
  class space    used 4322K, capacity 4583K, committed 4608K, reserved 1048576K
Event: 6.645 GC heap after
Heap after GC invocations=9 (full 1):
 PSYoungGen      total 86528K, used 7696K [0x00000000e0000000, 0x00000000e6080000, 0x0000000100000000)
  eden space 76288K, 0% used [0x00000000e0000000,0x00000000e0000000,0x00000000e4a80000)
  from space 10240K, 75% used [0x00000000e5680000,0x00000000e5e04020,0x00000000e6080000)
  to   space 11264K, 0% used [0x00000000e4a80000,0x00000000e4a80000,0x00000000e5580000)
 ParOldGen       total 64512K, used 8973K [0x00000000a0000000, 0x00000000a3f00000, 0x00000000e0000000)
  object space 64512K, 13% used [0x00000000a0000000,0x00000000a08c36d0,0x00000000a3f00000)
 Metaspace       used 31470K, capacity 32252K, committed 32512K, reserved 1077248K
  class space    used 4322K, capacity 4583K, committed 4608K, reserved 1048576K
}
Event: 9.638 GC heap before
{Heap before GC invocations=10 (full 1):
 PSYoungGen      total 86528K, used 37546K [0x00000000e0000000, 0x00000000e6080000, 0x0000000100000000)
  eden space 76288K, 39% used [0x00000000e0000000,0x00000000e1d26890,0x00000000e4a80000)
  from space 10240K, 75% used [0x00000000e5680000,0x00000000e5e04020,0x00000000e6080000)
  to   space 11264K, 0% used [0x00000000e4a80000,0x00000000e4a80000,0x00000000e5580000)
 ParOldGen       total 64512K, used 8973K [0x00000000a0000000, 0x00000000a3f00000, 0x00000000e0000000)
  object space 64512K, 13% used [0x00000000a0000000,0x00000000a08c36d0,0x00000000a3f00000)
 Metaspace       used 34509K, capacity 35322K, committed 35416K, reserved 1079296K
  class space    used 4710K, capacity 4973K, committed 4992K, reserved 1048576K
Event: 9.646 GC heap after
Heap after GC invocations=10 (full 1):
 PSYoungGen      total 87552K, used 10523K [0x00000000e0000000, 0x00000000e7780000, 0x0000000100000000)
  eden space 76288K, 0% used [0x00000000e0000000,0x00000000e0000000,0x00000000e4a80000)
  from space 11264K, 93% used [0x00000000e4a80000,0x00000000e54c6f00,0x00000000e5580000)
  to   space 12288K, 0% used [0x00000000e6b80000,0x00000000e6b80000,0x00000000e7780000)
 ParOldGen       total 64512K, used 9045K [0x00000000a0000000, 0x00000000a3f00000, 0x00000000e0000000)
  object space 64512K, 14% used [0x00000000a0000000,0x00000000a08d56e0,0x00000000a3f00000)
 Metaspace       used 34509K, capacity 35322K, committed 35416K, reserved 1079296K
  class space    used 4710K, capacity 4973K, committed 4992K, reserved 1048576K
}
Event: 9.646 GC heap before
{Heap before GC invocations=11 (full 2):
 PSYoungGen      total 87552K, used 10523K [0x00000000e0000000, 0x00000000e7780000, 0x0000000100000000)
  eden space 76288K, 0% used [0x00000000e0000000,0x00000000e0000000,0x00000000e4a80000)
  from space 11264K, 93% used [0x00000000e4a80000,0x00000000e54c6f00,0x00000000e5580000)
  to   space 12288K, 0% used [0x00000000e6b80000,0x00000000e6b80000,0x00000000e7780000)
 ParOldGen       total 64512K, used 9045K [0x00000000a0000000, 0x00000000a3f00000, 0x00000000e0000000)
  object space 64512K, 14% used [0x00000000a0000000,0x00000000a08d56e0,0x00000000a3f00000)
 Metaspace       used 34509K, capacity 35322K, committed 35416K, reserved 1079296K
  class space    used 4710K, capacity 4973K, committed 4992K, reserved 1048576K
Event: 9.704 GC heap after
Heap after GC invocations=11 (full 2):
 PSYoungGen      total 87552K, used 0K [0x00000000e0000000, 0x00000000e7780000, 0x0000000100000000)
  eden space 76288K, 0% used [0x00000000e0000000,0x00000000e0000000,0x00000000e4a80000)
  from space 11264K, 0% used [0x00000000e4a80000,0x00000000e4a80000,0x00000000e5580000)
  to   space 12288K, 0% used [0x00000000e6b80000,0x00000000e6b80000,0x00000000e7780000)
 ParOldGen       total 98816K, used 16757K [0x00000000a0000000, 0x00000000a6080000, 0x00000000e0000000)
  object space 98816K, 16% used [0x00000000a0000000,0x00000000a105d4e0,0x00000000a6080000)
 Metaspace       used 34509K, capacity 35322K, committed 35416K, reserved 1079296K
  class space    used 4710K, capacity 4973K, committed 4992K, reserved 1048576K
}

