# JRE version: OpenJDK Runtime Environment (8.0_152-b01) (build 1.8.0_152-release-915-b01)
# Java VM: OpenJDK 64-Bit Server VM (25.152-b01 mixed mode windows-amd64 compressed oops)
Heap:
 PSYoungGen      total 445440K, used 445282K [0x00000000e0000000, 0x00000000ff980000, 0x0000000100000000)
  eden space 423424K, 99% used [0x00000000e0000000,0x00000000f9d7dd50,0x00000000f9d80000)
  from space 22016K, 99% used [0x00000000f9d80000,0x00000000fb2dab58,0x00000000fb300000)
  to   space 47104K, 6% used [0x00000000fcb80000,0x00000000fceb0010,0x00000000ff980000)
 ParOldGen       total 238592K, used 177162K [0x00000000a0000000, 0x00000000ae900000, 0x00000000e0000000)
  object space 238592K, 74% used [0x00000000a0000000,0x00000000aad02970,0x00000000ae900000)
 Metaspace       used 79560K, capacity 83820K, committed 84184K, reserved 1122304K
  class space    used 10080K, capacity 11137K, committed 11264K, reserved 1048576K
GC Heap History (10 events):
Event: 7996.244 GC heap before
{Heap before GC invocations=25 (full 4):
 PSYoungGen      total 373248K, used 366469K [0x00000000e0000000, 0x00000000f9b00000, 0x0000000100000000)
  eden space 333824K, 100% used [0x00000000e0000000,0x00000000f4600000,0x00000000f4600000)
  from space 39424K, 82% used [0x00000000f7000000,0x00000000f8fe1598,0x00000000f9680000)
  to   space 43008K, 0% used [0x00000000f4600000,0x00000000f4600000,0x00000000f7000000)
 ParOldGen       total 238592K, used 119814K [0x00000000a0000000, 0x00000000ae900000, 0x00000000e0000000)
  object space 238592K, 50% used [0x00000000a0000000,0x00000000a7501a38,0x00000000ae900000)
 Metaspace       used 69223K, capacity 71828K, committed 74072K, reserved 1114112K
  class space    used 8837K, capacity 9562K, committed 10112K, reserved 1048576K
Event: 7996.260 GC heap after
Heap after GC invocations=25 (full 4):
 PSYoungGen      total 376832K, used 11809K [0x00000000e0000000, 0x00000000fdb00000, 0x0000000100000000)
  eden space 333824K, 0% used [0x00000000e0000000,0x00000000e0000000,0x00000000f4600000)
  from space 43008K, 27% used [0x00000000f4600000,0x00000000f51885a0,0x00000000f7000000)
  to   space 41472K, 0% used [0x00000000fb280000,0x00000000fb280000,0x00000000fdb00000)
 ParOldGen       total 238592K, used 122167K [0x00000000a0000000, 0x00000000ae900000, 0x00000000e0000000)
  object space 238592K, 51% used [0x00000000a0000000,0x00000000a774dfe8,0x00000000ae900000)
 Metaspace       used 69223K, capacity 71828K, committed 74072K, reserved 1114112K
  class space    used 8837K, capacity 9562K, committed 10112K, reserved 1048576K
}
Event: 8005.668 GC heap before
{Heap before GC invocations=26 (full 4):
 PSYoungGen      total 376832K, used 345633K [0x00000000e0000000, 0x00000000fdb00000, 0x0000000100000000)
  eden space 333824K, 100% used [0x00000000e0000000,0x00000000f4600000,0x00000000f4600000)
  from space 43008K, 27% used [0x00000000f4600000,0x00000000f51885a0,0x00000000f7000000)
  to   space 41472K, 0% used [0x00000000fb280000,0x00000000fb280000,0x00000000fdb00000)
 ParOldGen       total 238592K, used 122167K [0x00000000a0000000, 0x00000000ae900000, 0x00000000e0000000)
  object space 238592K, 51% used [0x00000000a0000000,0x00000000a774dfe8,0x00000000ae900000)
 Metaspace       used 70838K, capacity 74230K, committed 75224K, reserved 1114112K
  class space    used 9117K, capacity 9994K, committed 10240K, reserved 1048576K
Event: 8005.701 GC heap after
Heap after GC invocations=26 (full 4):
 PSYoungGen      total 426496K, used 17824K [0x00000000e0000000, 0x00000000fd000000, 0x0000000100000000)
  eden space 396288K, 0% used [0x00000000e0000000,0x00000000e0000000,0x00000000f8300000)
  from space 30208K, 59% used [0x00000000fb280000,0x00000000fc3e8010,0x00000000fd000000)
  to   space 39424K, 0% used [0x00000000f8300000,0x00000000f8300000,0x00000000fa980000)
 ParOldGen       total 238592K, used 133348K [0x00000000a0000000, 0x00000000ae900000, 0x00000000e0000000)
  object space 238592K, 55% used [0x00000000a0000000,0x00000000a8239048,0x00000000ae900000)
 Metaspace       used 70838K, capacity 74230K, committed 75224K, reserved 1114112K
  class space    used 9117K, capacity 9994K, committed 10240K, reserved 1048576K
}
Event: 8118.388 GC heap before
{Heap before GC invocations=27 (full 4):
 PSYoungGen      total 426496K, used 414112K [0x00000000e0000000, 0x00000000fd000000, 0x0000000100000000)
  eden space 396288K, 100% used [0x00000000e0000000,0x00000000f8300000,0x00000000f8300000)
  from space 30208K, 59% used [0x00000000fb280000,0x00000000fc3e8010,0x00000000fd000000)
  to   space 39424K, 0% used [0x00000000f8300000,0x00000000f8300000,0x00000000fa980000)
 ParOldGen       total 238592K, used 133348K [0x00000000a0000000, 0x00000000ae900000, 0x00000000e0000000)
  object space 238592K, 55% used [0x00000000a0000000,0x00000000a8239048,0x00000000ae900000)
 Metaspace       used 78106K, capacity 82162K, committed 82392K, reserved 1120256K
  class space    used 9921K, capacity 10966K, committed 11008K, reserved 1048576K
Event: 8118.462 GC heap after
Heap after GC invocations=27 (full 4):
 PSYoungGen      total 435712K, used 39394K [0x00000000e0000000, 0x0000000100000000, 0x0000000100000000)
  eden space 396288K, 0% used [0x00000000e0000000,0x00000000e0000000,0x00000000f8300000)
  from space 39424K, 99% used [0x00000000f8300000,0x00000000fa978810,0x00000000fa980000)
  to   space 51200K, 0% used [0x00000000fce00000,0x00000000fce00000,0x0000000100000000)
 ParOldGen       total 238592K, used 148618K [0x00000000a0000000, 0x00000000ae900000, 0x00000000e0000000)
  object space 238592K, 62% used [0x00000000a0000000,0x00000000a9122980,0x00000000ae900000)
 Metaspace       used 78106K, capacity 82162K, committed 82392K, reserved 1120256K
  class space    used 9921K, capacity 10966K, committed 11008K, reserved 1048576K
}
Event: 8122.558 GC heap before
{Heap before GC invocations=28 (full 4):
 PSYoungGen      total 435712K, used 435682K [0x00000000e0000000, 0x0000000100000000, 0x0000000100000000)
  eden space 396288K, 100% used [0x00000000e0000000,0x00000000f8300000,0x00000000f8300000)
  from space 39424K, 99% used [0x00000000f8300000,0x00000000fa978810,0x00000000fa980000)
  to   space 51200K, 0% used [0x00000000fce00000,0x00000000fce00000,0x0000000100000000)
 ParOldGen       total 238592K, used 148618K [0x00000000a0000000, 0x00000000ae900000, 0x00000000e0000000)
  object space 238592K, 62% used [0x00000000a0000000,0x00000000a9122980,0x00000000ae900000)
 Metaspace       used 78622K, capacity 82756K, committed 82904K, reserved 1122304K
  class space    used 9954K, capacity 11007K, committed 11008K, reserved 1048576K
Event: 8122.601 GC heap after
Heap after GC invocations=28 (full 4):
 PSYoungGen      total 474624K, used 12272K [0x00000000e0000000, 0x0000000100000000, 0x0000000100000000)
  eden space 423424K, 0% used [0x00000000e0000000,0x00000000e0000000,0x00000000f9d80000)
  from space 51200K, 23% used [0x00000000fce00000,0x00000000fd9fc010,0x0000000100000000)
  to   space 49664K, 0% used [0x00000000f9d80000,0x00000000f9d80000,0x00000000fce00000)
 ParOldGen       total 238592K, used 177154K [0x00000000a0000000, 0x00000000ae900000, 0x00000000e0000000)
  object space 238592K, 74% used [0x00000000a0000000,0x00000000aad00970,0x00000000ae900000)
 Metaspace       used 78622K, capacity 82756K, committed 82904K, reserved 1122304K
  class space    used 9954K, capacity 11007K, committed 11008K, reserved 1048576K
}
Event: 8123.435 GC heap before
{Heap before GC invocations=29 (full 4):
 PSYoungGen      total 474624K, used 434804K [0x00000000e0000000, 0x0000000100000000, 0x0000000100000000)
  eden space 423424K, 99% used [0x00000000e0000000,0x00000000f9ca12d0,0x00000000f9d80000)
  from space 51200K, 23% used [0x00000000fce00000,0x00000000fd9fc010,0x0000000100000000)
  to   space 49664K, 0% used [0x00000000f9d80000,0x00000000f9d80000,0x00000000fce00000)
 ParOldGen       total 238592K, used 177154K [0x00000000a0000000, 0x00000000ae900000, 0x00000000e0000000)
  object space 238592K, 74% used [0x00000000a0000000,0x00000000aad00970,0x00000000ae900000)
 Metaspace       used 79552K, capacity 83820K, committed 84184K, reserved 1122304K
  class space    used 10080K, capacity 11137K, committed 11264K, reserved 1048576K
Event: 8123.450 GC heap after
Heap after GC invocations=29 (full 4):
 PSYoungGen      total 445440K, used 21866K [0x00000000e0000000, 0x00000000ff980000, 0x0000000100000000)
  eden space 423424K, 0% used [0x00000000e0000000,0x00000000e0000000,0x00000000f9d80000)
  from space 22016K, 99% used [0x00000000f9d80000,0x00000000fb2dab58,0x00000000fb300000)
  to   space 47104K, 0% used [0x00000000fcb80000,0x00000000fcb80000,0x00000000ff980000)
 ParOldGen       total 238592K, used 177162K [0x00000000a0000000, 0x00000000ae900000, 0x00000000e0000000)
  object space 238592K, 74% used [0x00000000a0000000,0x00000000aad02970,0x00000000ae900000)
 Metaspace       used 79552K, capacity 83820K, committed 84184K, reserved 1122304K
  class space    used 10080K, capacity 11137K, committed 11264K, reserved 1048576K
}

