# JRE version: OpenJDK Runtime Environment (8.0_152-b01) (build 1.8.0_152-release-915-b01)
# Java VM: OpenJDK 64-Bit Server VM (25.152-b01 mixed mode windows-amd64 compressed oops)
Heap:
 PSYoungGen      total 297984K, used 216951K [0x00000000e0000000, 0x00000000f8680000, 0x0000000100000000)
  eden space 207360K, 99% used [0x00000000e0000000,0x00000000eca65a10,0x00000000eca80000)
  from space 90624K, 10% used [0x00000000f2e00000,0x00000000f3778448,0x00000000f8680000)
  to   space 96256K, 1% used [0x00000000eca80000,0x00000000ecc10000,0x00000000f2880000)
 ParOldGen       total 1030144K, used 469256K [0x00000000a0000000, 0x00000000dee00000, 0x00000000e0000000)
  object space 1030144K, 45% used [0x00000000a0000000,0x00000000bca422d0,0x00000000dee00000)
 Metaspace       used 104402K, capacity 108262K, committed 108376K, reserved 1144832K
  class space    used 12545K, capacity 13364K, committed 13440K, reserved 1048576K
GC Heap History (10 events):
Event: 273.065 GC heap before
{Heap before GC invocations=152 (full 24):
 PSYoungGen      total 198144K, used 197288K [0x00000000e0000000, 0x00000000fb500000, 0x0000000100000000)
  eden space 187392K, 99% used [0x00000000e0000000,0x00000000eb696508,0x00000000eb700000)
  from space 10752K, 95% used [0x00000000eb700000,0x00000000ec113ec0,0x00000000ec180000)
  to   space 126976K, 0% used [0x00000000f3900000,0x00000000f3900000,0x00000000fb500000)
 ParOldGen       total 1030144K, used 469256K [0x00000000a0000000, 0x00000000dee00000, 0x00000000e0000000)
  object space 1030144K, 45% used [0x00000000a0000000,0x00000000bca422d0,0x00000000dee00000)
 Metaspace       used 104402K, capacity 108262K, committed 108376K, reserved 1144832K
  class space    used 12545K, capacity 13364K, committed 13440K, reserved 1048576K
Event: 273.075 GC heap after
Heap after GC invocations=152 (full 24):
 PSYoungGen      total 307200K, used 10191K [0x00000000e0000000, 0x00000000fa800000, 0x0000000100000000)
  eden space 193536K, 0% used [0x00000000e0000000,0x00000000e0000000,0x00000000ebd00000)
  from space 113664K, 8% used [0x00000000f3900000,0x00000000f42f3ea0,0x00000000fa800000)
  to   space 120320K, 0% used [0x00000000ebd00000,0x00000000ebd00000,0x00000000f3280000)
 ParOldGen       total 1030144K, used 469256K [0x00000000a0000000, 0x00000000dee00000, 0x00000000e0000000)
  object space 1030144K, 45% used [0x00000000a0000000,0x00000000bca422d0,0x00000000dee00000)
 Metaspace       used 104402K, capacity 108262K, committed 108376K, reserved 1144832K
  class space    used 12545K, capacity 13364K, committed 13440K, reserved 1048576K
}
Event: 273.116 GC heap before
{Heap before GC invocations=153 (full 24):
 PSYoungGen      total 307200K, used 203450K [0x00000000e0000000, 0x00000000fa800000, 0x0000000100000000)
  eden space 193536K, 99% used [0x00000000e0000000,0x00000000ebcba978,0x00000000ebd00000)
  from space 113664K, 8% used [0x00000000f3900000,0x00000000f42f3ea0,0x00000000fa800000)
  to   space 120320K, 0% used [0x00000000ebd00000,0x00000000ebd00000,0x00000000f3280000)
 ParOldGen       total 1030144K, used 469256K [0x00000000a0000000, 0x00000000dee00000, 0x00000000e0000000)
  object space 1030144K, 45% used [0x00000000a0000000,0x00000000bca422d0,0x00000000dee00000)
 Metaspace       used 104402K, capacity 108262K, committed 108376K, reserved 1144832K
  class space    used 12545K, capacity 13364K, committed 13440K, reserved 1048576K
Event: 273.124 GC heap after
Heap after GC invocations=153 (full 24):
 PSYoungGen      total 313856K, used 10097K [0x00000000e0000000, 0x00000000fa280000, 0x0000000100000000)
  eden space 193536K, 0% used [0x00000000e0000000,0x00000000e0000000,0x00000000ebd00000)
  from space 120320K, 8% used [0x00000000ebd00000,0x00000000ec6dc438,0x00000000f3280000)
  to   space 114176K, 0% used [0x00000000f3300000,0x00000000f3300000,0x00000000fa280000)
 ParOldGen       total 1030144K, used 469256K [0x00000000a0000000, 0x00000000dee00000, 0x00000000e0000000)
  object space 1030144K, 45% used [0x00000000a0000000,0x00000000bca422d0,0x00000000dee00000)
 Metaspace       used 104402K, capacity 108262K, committed 108376K, reserved 1144832K
  class space    used 12545K, capacity 13364K, committed 13440K, reserved 1048576K
}
Event: 273.166 GC heap before
{Heap before GC invocations=154 (full 24):
 PSYoungGen      total 313856K, used 203370K [0x00000000e0000000, 0x00000000fa280000, 0x0000000100000000)
  eden space 193536K, 99% used [0x00000000e0000000,0x00000000ebcbe648,0x00000000ebd00000)
  from space 120320K, 8% used [0x00000000ebd00000,0x00000000ec6dc438,0x00000000f3280000)
  to   space 114176K, 0% used [0x00000000f3300000,0x00000000f3300000,0x00000000fa280000)
 ParOldGen       total 1030144K, used 469256K [0x00000000a0000000, 0x00000000dee00000, 0x00000000e0000000)
  object space 1030144K, 45% used [0x00000000a0000000,0x00000000bca422d0,0x00000000dee00000)
 Metaspace       used 104402K, capacity 108262K, committed 108376K, reserved 1144832K
  class space    used 12545K, capacity 13364K, committed 13440K, reserved 1048576K
Event: 273.175 GC heap after
Heap after GC invocations=154 (full 24):
 PSYoungGen      total 302080K, used 9985K [0x00000000e0000000, 0x00000000f9680000, 0x0000000100000000)
  eden space 200192K, 0% used [0x00000000e0000000,0x00000000e0000000,0x00000000ec380000)
  from space 101888K, 9% used [0x00000000f3300000,0x00000000f3cc0428,0x00000000f9680000)
  to   space 108032K, 0% used [0x00000000ec380000,0x00000000ec380000,0x00000000f2d00000)
 ParOldGen       total 1030144K, used 469256K [0x00000000a0000000, 0x00000000dee00000, 0x00000000e0000000)
  object space 1030144K, 45% used [0x00000000a0000000,0x00000000bca422d0,0x00000000dee00000)
 Metaspace       used 104402K, capacity 108262K, committed 108376K, reserved 1144832K
  class space    used 12545K, capacity 13364K, committed 13440K, reserved 1048576K
}
Event: 273.222 GC heap before
{Heap before GC invocations=155 (full 24):
 PSYoungGen      total 302080K, used 209544K [0x00000000e0000000, 0x00000000f9680000, 0x0000000100000000)
  eden space 200192K, 99% used [0x00000000e0000000,0x00000000ec2e1e48,0x00000000ec380000)
  from space 101888K, 9% used [0x00000000f3300000,0x00000000f3cc0428,0x00000000f9680000)
  to   space 108032K, 0% used [0x00000000ec380000,0x00000000ec380000,0x00000000f2d00000)
 ParOldGen       total 1030144K, used 469256K [0x00000000a0000000, 0x00000000dee00000, 0x00000000e0000000)
  object space 1030144K, 45% used [0x00000000a0000000,0x00000000bca422d0,0x00000000dee00000)
 Metaspace       used 104402K, capacity 108262K, committed 108376K, reserved 1144832K
  class space    used 12545K, capacity 13364K, committed 13440K, reserved 1048576K
Event: 273.232 GC heap after
Heap after GC invocations=155 (full 24):
 PSYoungGen      total 308224K, used 9873K [0x00000000e0000000, 0x00000000f9180000, 0x0000000100000000)
  eden space 200192K, 0% used [0x00000000e0000000,0x00000000e0000000,0x00000000ec380000)
  from space 108032K, 9% used [0x00000000ec380000,0x00000000ecd24418,0x00000000f2d00000)
  to   space 101888K, 0% used [0x00000000f2e00000,0x00000000f2e00000,0x00000000f9180000)
 ParOldGen       total 1030144K, used 469256K [0x00000000a0000000, 0x00000000dee00000, 0x00000000e0000000)
  object space 1030144K, 45% used [0x00000000a0000000,0x00000000bca422d0,0x00000000dee00000)
 Metaspace       used 104402K, capacity 108262K, committed 108376K, reserved 1144832K
  class space    used 12545K, capacity 13364K, committed 13440K, reserved 1048576K
}
Event: 273.279 GC heap before
{Heap before GC invocations=156 (full 24):
 PSYoungGen      total 308224K, used 209438K [0x00000000e0000000, 0x00000000f9180000, 0x0000000100000000)
  eden space 200192K, 99% used [0x00000000e0000000,0x00000000ec2e3538,0x00000000ec380000)
  from space 108032K, 9% used [0x00000000ec380000,0x00000000ecd24418,0x00000000f2d00000)
  to   space 101888K, 0% used [0x00000000f2e00000,0x00000000f2e00000,0x00000000f9180000)
 ParOldGen       total 1030144K, used 469256K [0x00000000a0000000, 0x00000000dee00000, 0x00000000e0000000)
  object space 1030144K, 45% used [0x00000000a0000000,0x00000000bca422d0,0x00000000dee00000)
 Metaspace       used 104402K, capacity 108262K, committed 108376K, reserved 1144832K
  class space    used 12545K, capacity 13364K, committed 13440K, reserved 1048576K
Event: 273.291 GC heap after
Heap after GC invocations=156 (full 24):
 PSYoungGen      total 297984K, used 9697K [0x00000000e0000000, 0x00000000f8680000, 0x0000000100000000)
  eden space 207360K, 0% used [0x00000000e0000000,0x00000000e0000000,0x00000000eca80000)
  from space 90624K, 10% used [0x00000000f2e00000,0x00000000f3778448,0x00000000f8680000)
  to   space 96256K, 0% used [0x00000000eca80000,0x00000000eca80000,0x00000000f2880000)
 ParOldGen       total 1030144K, used 469256K [0x00000000a0000000, 0x00000000dee00000, 0x00000000e0000000)
  object space 1030144K, 45% used [0x00000000a0000000,0x00000000bca422d0,0x00000000dee00000)
 Metaspace       used 104402K, capacity 108262K, committed 108376K, reserved 1144832K
  class space    used 12545K, capacity 13364K, committed 13440K, reserved 1048576K
}

